[2024-10-04 22:01:56,067] multiqc                                            [DEBUG  ]  This is MultiQC v1.17
[2024-10-04 22:01:56,076] multiqc                                            [DEBUG  ]  Loading config settings from: multiqc_config.yml
[2024-10-04 22:01:56,076] multiqc                                            [DEBUG  ]  New config: {'report_comment': 'This report has been generated by the <a href="https://github.com/nf-core/rnaseq/releases/tag/3.13.0" target="_blank">nf-core/rnaseq</a> analysis pipeline. For information about how to interpret these results, please see the <a href="https://nf-co.re/rnaseq/3.13.0/docs/output" target="_blank">documentation</a>.\n', 'report_section_order': {'nf-core-rnaseq-methods-description': {'order': -1000}, 'software_versions': {'order': -1001}, 'nf-core-rnaseq-summary': {'order': -1002}}, 'export_plots': True, 'run_modules': ['custom_content', 'fastqc', 'cutadapt', 'fastp', 'sortmerna', 'star', 'hisat2', 'rsem', 'salmon', 'kallisto', 'samtools', 'picard', 'preseq', 'rseqc', 'qualimap'], 'top_modules': ['fail_trimmed_samples', 'fail_mapped_samples', 'fail_strand_check', 'star_rsem_deseq2_pca', 'star_rsem_deseq2_clustering', 'star_salmon_deseq2_pca', 'star_salmon_deseq2_clustering', 'salmon_deseq2_pca', 'salmon_deseq2_clustering', 'biotype_counts', 'dupradar'], 'module_order': [{'fastqc': {'name': 'FastQC (raw)', 'info': 'This section of the report shows FastQC results before adapter trimming.', 'path_filters': ['./fastqc/raw/*.zip']}}, 'cutadapt', 'fastp', {'fastqc': {'name': 'FastQC (trimmed)', 'info': 'This section of the report shows FastQC results after adapter trimming.', 'path_filters': ['./fastqc/trim/*.zip']}}], 'table_columns_visible': {'fastqc': {'percent_duplicates': False}}, 'custom_data': {'fail_trimmed_samples': {'section_name': 'WARNING: Fail Trimming Check', 'description': "List of samples that failed the minimum trimmed reads threshold specified via the '--min_trimmed_reads' parameter, and hence were ignored for the downstream processing steps.", 'plot_type': 'table', 'pconfig': {'id': 'fail_trimmed_samples_table', 'table_title': 'Samples failed trimming threshold', 'namespace': 'Samples failed trimming threshold', 'format': '{:.0f}'}}, 'fail_mapped_samples': {'section_name': 'WARNING: Fail Alignment Check', 'description': "List of samples that failed the STAR minimum mapped reads threshold specified via the '--min_mapped_reads' parameter, and hence were ignored for the downstream processing steps.", 'plot_type': 'table', 'pconfig': {'id': 'fail_mapped_samples_table', 'table_title': 'Samples failed mapping threshold', 'namespace': 'Samples failed mapping threshold', 'format': '{:.2f}'}}, 'fail_strand_check': {'section_name': 'WARNING: Fail Strand Check', 'description': "List of samples that failed the strandedness check between that provided in the samplesheet and calculated by the <a href='http://rseqc.sourceforge.net/#infer-experiment-py'>RSeQC infer_experiment.py</a> tool.", 'plot_type': 'table', 'pconfig': {'id': 'fail_strand_check_table', 'table_title': 'Samples failed strandedness check', 'namespace': 'Samples failed strandedness check', 'format': '{:.2f}'}}}}
[2024-10-04 22:01:56,076] multiqc                                            [DEBUG  ]  Added to filename patterns: [{'cutadapt': {'fn': '*trimming_report.txt'}, 'fastp': {'fn': '*.fastp.json'}, 'sortmerna': {'fn': '*.sortmerna.log'}, 'hisat2': {'fn': '*.hisat2.summary.log'}, 'salmon/meta': {'fn': 'meta_info.json'}, 'preseq': {'fn': '*.lc_extrap.txt'}, 'samtools/stats': {'fn': '*.stats'}, 'samtools/flagstat': {'fn': '*.flagstat'}, 'samtools/idxstats': {'fn': '*.idxstats*'}, 'rseqc/bam_stat': {'fn': '*.bam_stat.txt'}, 'rseqc/gene_body_coverage': {'skip': True}, 'rseqc/junction_annotation': {'fn': '*.junction_annotation.log'}, 'rseqc/read_gc': {'skip': True}, 'rseqc/read_distribution': {'fn': '*.read_distribution.txt'}, 'rseqc/infer_experiment': {'fn': '*.infer_experiment.txt'}, 'rseqc/tin': {'fn': '*.summary.txt'}, 'picard/markdups': {'fn': '*.MarkDuplicates.metrics.txt'}, 'picard/alignment_metrics': {'skip': True}, 'picard/basedistributionbycycle': {'skip': True}, 'picard/gcbias': {'skip': True}, 'picard/hsmetrics': {'skip': True}, 'picard/insertsize': {'skip': True}, 'picard/oxogmetrics': {'skip': True}, 'picard/pcr_metrics': {'skip': True}, 'picard/quality_by_cycle': {'skip': True}, 'picard/quality_score_distribution': {'skip': True}, 'picard/quality_yield_metrics': {'skip': True}, 'picard/rnaseqmetrics': {'skip': True}, 'picard/rrbs_metrics': {'skip': True}, 'picard/sam_file_validation': {'skip': True}, 'picard/variant_calling_metrics': {'skip': True}, 'picard/wgs_metrics': {'skip': True}}]
[2024-10-04 22:01:56,076] multiqc                                            [DEBUG  ]  Added to filename clean extensions: [['.umi_dedup', '_val', '.markdup', '_primary']]
[2024-10-04 22:01:56,076] multiqc                                            [DEBUG  ]  Command used: /usr/local/bin/multiqc -n multiqc_report.html -f .
[2024-10-04 22:01:59,423] multiqc                                            [DEBUG  ]  Could not connect to multiqc.info for version check: module 'packaging.version' has no attribute 'StrictVersion'
[2024-10-04 22:01:59,423] multiqc                                            [DEBUG  ]  Working dir : /scratch4/eande106/Mike/12/a664a65ab509c2728bd241a4b9919a
[2024-10-04 22:01:59,423] multiqc                                            [DEBUG  ]  Template    : default
[2024-10-04 22:01:59,423] multiqc                                            [DEBUG  ]  Running Python 3.12.0 | packaged by conda-forge | (main, Oct  3 2023, 08:43:22) [GCC 12.3.0]
[2024-10-04 22:01:59,423] multiqc                                            [INFO   ]  Only using modules: custom_content, fastqc, cutadapt, fastp, sortmerna, star, hisat2, rsem, salmon, kallisto, samtools, picard, preseq, rseqc, qualimap
[2024-10-04 22:01:59,423] multiqc                                            [DEBUG  ]  Analysing modules: custom_content, hisat2, kallisto, picard, preseq, qualimap, rsem, rseqc, salmon, samtools, sortmerna, star, fastqc, cutadapt, fastp, fastqc
[2024-10-04 22:01:59,423] multiqc                                            [DEBUG  ]  Using temporary directory for creating report: /tmp/tmpyd1cjpp9
[2024-10-04 22:01:59,425] multiqc                                            [INFO   ]  Search path : /scratch4/eande106/Mike/12/a664a65ab509c2728bd241a4b9919a
[2024-10-04 22:01:59,425] multiqc                                            [DEBUG  ]  Ignored 255 search patterns as didn't match running modules.
[2024-10-04 22:01:59,425] multiqc                                            [INFO   ]  Skipping 17 file search patterns
[2024-10-04 22:01:59,426] multiqc                                            [DEBUG  ]  Skipping search patterns: picard/alignment_metrics, picard/basedistributionbycycle, picard/gcbias, picard/hsmetrics, picard/insertsize, picard/oxogmetrics, picard/pcr_metrics, picard/quality_by_cycle, picard/quality_score_distribution, picard/quality_yield_metrics, picard/rnaseqmetrics, picard/rrbs_metrics, picard/sam_file_validation, picard/variant_calling_metrics, picard/wgs_metrics, rseqc/gene_body_coverage, rseqc/read_gc
[2024-10-04 22:02:03,428] multiqc                                            [DEBUG  ]  Summary of files that were skipped by the search: [skipped_no_match: 968]
[2024-10-04 22:02:04,759] multiqc.plots.bargraph                             [DEBUG  ]  Using matplotlib version 3.8.1
[2024-10-04 22:02:04,761] multiqc.plots.linegraph                            [DEBUG  ]  Using matplotlib version 3.8.1
[2024-10-04 22:02:04,795] multiqc.modules.custom_content.custom_content      [INFO   ]  nf-core-rnaseq-methods-description: Found 1 sample (html)
[2024-10-04 22:02:04,796] multiqc.modules.custom_content.custom_content      [INFO   ]  software_versions: Found 1 sample (html)
[2024-10-04 22:02:04,796] multiqc.modules.custom_content.custom_content      [INFO   ]  nf-core-rnaseq-summary: Found 1 sample (html)
[2024-10-04 22:02:04,796] multiqc.modules.custom_content.custom_content      [INFO   ]  star_salmon_deseq2_pca: Found 30 samples (scatter)
[2024-10-04 22:02:04,796] multiqc                                            [DEBUG  ]  multiqc_star_salmon_deseq2_clustering-plot could not be saved as tsv/csv. Falling back to YAML.
[2024-10-04 22:02:04,810] multiqc.modules.custom_content.custom_content      [INFO   ]  star_salmon_deseq2_clustering: Found 30 samples (heatmap)
[2024-10-04 22:02:07,636] multiqc.modules.picard.picard                      [INFO   ]  Found 30 MarkDuplicates reports
[2024-10-04 22:02:10,433] multiqc.modules.qualimap.qualimap                  [INFO   ]  Found 30 RNASeq reports
[2024-10-04 22:02:12,168] multiqc.modules.samtools.samtools                  [INFO   ]  Found 30 stats reports
[2024-10-04 22:02:12,181] multiqc.modules.samtools.samtools                  [INFO   ]  Found 30 flagstat reports
[2024-10-04 22:02:15,251] multiqc.modules.samtools.samtools                  [INFO   ]  Found 30 idxstats reports
[2024-10-04 22:02:15,264] multiqc.modules.star.star                          [INFO   ]  Found 30 reports
[2024-10-04 22:02:17,210] multiqc.modules.base_module                        [DEBUG  ]  fastqc/zip - Selecting './fastqc/raw/SRX298304_2_fastqc.zip' as it matched the path_filters for 'FastQC (raw)'
[2024-10-04 22:02:17,253] multiqc.modules.base_module                        [DEBUG  ]  fastqc/zip - Selecting './fastqc/raw/SRX298295_1_fastqc.zip' as it matched the path_filters for 'FastQC (raw)'
[2024-10-04 22:02:17,342] multiqc.modules.base_module                        [DEBUG  ]  fastqc/zip - Selecting './fastqc/raw/SRX298281_1_fastqc.zip' as it matched the path_filters for 'FastQC (raw)'
[2024-10-04 22:02:17,388] multiqc.modules.base_module                        [DEBUG  ]  fastqc/zip - Selecting './fastqc/raw/SRX298282_1_fastqc.zip' as it matched the path_filters for 'FastQC (raw)'
[2024-10-04 22:02:17,435] multiqc.modules.base_module                        [DEBUG  ]  fastqc/zip - Selecting './fastqc/raw/SRX298307_1_fastqc.zip' as it matched the path_filters for 'FastQC (raw)'
[2024-10-04 22:02:17,486] multiqc.modules.base_module                        [DEBUG  ]  fastqc/zip - Selecting './fastqc/raw/SRX298305_1_fastqc.zip' as it matched the path_filters for 'FastQC (raw)'
[2024-10-04 22:02:17,542] multiqc.modules.base_module                        [DEBUG  ]  fastqc/zip - Selecting './fastqc/raw/SRX298300_2_fastqc.zip' as it matched the path_filters for 'FastQC (raw)'
[2024-10-04 22:02:17,579] multiqc.modules.base_module                        [DEBUG  ]  fastqc/zip - Selecting './fastqc/raw/SRX298301_2_fastqc.zip' as it matched the path_filters for 'FastQC (raw)'
[2024-10-04 22:02:17,610] multiqc.modules.base_module                        [DEBUG  ]  fastqc/zip - Selecting './fastqc/raw/SRX298288_2_fastqc.zip' as it matched the path_filters for 'FastQC (raw)'
[2024-10-04 22:02:17,642] multiqc.modules.base_module                        [DEBUG  ]  fastqc/zip - Selecting './fastqc/raw/SRX298293_2_fastqc.zip' as it matched the path_filters for 'FastQC (raw)'
[2024-10-04 22:02:17,714] multiqc.modules.base_module                        [DEBUG  ]  fastqc/zip - Selecting './fastqc/raw/SRX298282_2_fastqc.zip' as it matched the path_filters for 'FastQC (raw)'
[2024-10-04 22:02:17,753] multiqc.modules.base_module                        [DEBUG  ]  fastqc/zip - Selecting './fastqc/raw/SRX298308_1_fastqc.zip' as it matched the path_filters for 'FastQC (raw)'
[2024-10-04 22:02:17,789] multiqc.modules.base_module                        [DEBUG  ]  fastqc/zip - Selecting './fastqc/raw/SRX298307_2_fastqc.zip' as it matched the path_filters for 'FastQC (raw)'
[2024-10-04 22:02:17,823] multiqc.modules.base_module                        [DEBUG  ]  fastqc/zip - Selecting './fastqc/raw/SRX298303_2_fastqc.zip' as it matched the path_filters for 'FastQC (raw)'
[2024-10-04 22:02:17,895] multiqc.modules.base_module                        [DEBUG  ]  fastqc/zip - Selecting './fastqc/raw/SRX298292_2_fastqc.zip' as it matched the path_filters for 'FastQC (raw)'
[2024-10-04 22:02:17,928] multiqc.modules.base_module                        [DEBUG  ]  fastqc/zip - Selecting './fastqc/raw/SRX298308_2_fastqc.zip' as it matched the path_filters for 'FastQC (raw)'
[2024-10-04 22:02:18,000] multiqc.modules.base_module                        [DEBUG  ]  fastqc/zip - Selecting './fastqc/raw/SRX298302_2_fastqc.zip' as it matched the path_filters for 'FastQC (raw)'
[2024-10-04 22:02:18,053] multiqc.modules.base_module                        [DEBUG  ]  fastqc/zip - Selecting './fastqc/raw/SRX298296_1_fastqc.zip' as it matched the path_filters for 'FastQC (raw)'
[2024-10-04 22:02:18,086] multiqc.modules.base_module                        [DEBUG  ]  fastqc/zip - Selecting './fastqc/raw/SRX298293_1_fastqc.zip' as it matched the path_filters for 'FastQC (raw)'
[2024-10-04 22:02:18,117] multiqc.modules.base_module                        [DEBUG  ]  fastqc/zip - Selecting './fastqc/raw/SRX298309_2_fastqc.zip' as it matched the path_filters for 'FastQC (raw)'
[2024-10-04 22:02:18,150] multiqc.modules.base_module                        [DEBUG  ]  fastqc/zip - Selecting './fastqc/raw/SRX298295_2_fastqc.zip' as it matched the path_filters for 'FastQC (raw)'
[2024-10-04 22:02:18,203] multiqc.modules.base_module                        [DEBUG  ]  fastqc/zip - Selecting './fastqc/raw/SRX298294_1_fastqc.zip' as it matched the path_filters for 'FastQC (raw)'
[2024-10-04 22:02:18,237] multiqc.modules.base_module                        [DEBUG  ]  fastqc/zip - Selecting './fastqc/raw/SRX298302_1_fastqc.zip' as it matched the path_filters for 'FastQC (raw)'
[2024-10-04 22:02:18,273] multiqc.modules.base_module                        [DEBUG  ]  fastqc/zip - Selecting './fastqc/raw/SRX298297_2_fastqc.zip' as it matched the path_filters for 'FastQC (raw)'
[2024-10-04 22:02:18,320] multiqc.modules.base_module                        [DEBUG  ]  fastqc/zip - Selecting './fastqc/raw/SRX298281_2_fastqc.zip' as it matched the path_filters for 'FastQC (raw)'
[2024-10-04 22:02:18,378] multiqc.modules.base_module                        [DEBUG  ]  fastqc/zip - Selecting './fastqc/raw/SRX298285_2_fastqc.zip' as it matched the path_filters for 'FastQC (raw)'
[2024-10-04 22:02:18,414] multiqc.modules.base_module                        [DEBUG  ]  fastqc/zip - Selecting './fastqc/raw/SRX298283_1_fastqc.zip' as it matched the path_filters for 'FastQC (raw)'
[2024-10-04 22:02:18,449] multiqc.modules.base_module                        [DEBUG  ]  fastqc/zip - Selecting './fastqc/raw/SRX298290_1_fastqc.zip' as it matched the path_filters for 'FastQC (raw)'
[2024-10-04 22:02:18,515] multiqc.modules.base_module                        [DEBUG  ]  fastqc/zip - Selecting './fastqc/raw/SRX298309_1_fastqc.zip' as it matched the path_filters for 'FastQC (raw)'
[2024-10-04 22:02:18,557] multiqc.modules.base_module                        [DEBUG  ]  fastqc/zip - Selecting './fastqc/raw/SRX298288_1_fastqc.zip' as it matched the path_filters for 'FastQC (raw)'
[2024-10-04 22:02:18,606] multiqc.modules.base_module                        [DEBUG  ]  fastqc/zip - Selecting './fastqc/raw/SRX298284_2_fastqc.zip' as it matched the path_filters for 'FastQC (raw)'
[2024-10-04 22:02:18,646] multiqc.modules.base_module                        [DEBUG  ]  fastqc/zip - Selecting './fastqc/raw/SRX298304_1_fastqc.zip' as it matched the path_filters for 'FastQC (raw)'
[2024-10-04 22:02:18,682] multiqc.modules.base_module                        [DEBUG  ]  fastqc/zip - Selecting './fastqc/raw/SRX298294_2_fastqc.zip' as it matched the path_filters for 'FastQC (raw)'
[2024-10-04 22:02:18,717] multiqc.modules.base_module                        [DEBUG  ]  fastqc/zip - Selecting './fastqc/raw/SRX298303_1_fastqc.zip' as it matched the path_filters for 'FastQC (raw)'
[2024-10-04 22:02:18,792] multiqc.modules.base_module                        [DEBUG  ]  fastqc/zip - Selecting './fastqc/raw/SRX298292_1_fastqc.zip' as it matched the path_filters for 'FastQC (raw)'
[2024-10-04 22:02:18,866] multiqc.modules.base_module                        [DEBUG  ]  fastqc/zip - Selecting './fastqc/raw/SRX298287_2_fastqc.zip' as it matched the path_filters for 'FastQC (raw)'
[2024-10-04 22:02:18,917] multiqc.modules.base_module                        [DEBUG  ]  fastqc/zip - Selecting './fastqc/raw/SRX298297_1_fastqc.zip' as it matched the path_filters for 'FastQC (raw)'
[2024-10-04 22:02:18,980] multiqc.modules.base_module                        [DEBUG  ]  fastqc/zip - Selecting './fastqc/raw/SRX298298_2_fastqc.zip' as it matched the path_filters for 'FastQC (raw)'
[2024-10-04 22:02:19,029] multiqc.modules.base_module                        [DEBUG  ]  fastqc/zip - Selecting './fastqc/raw/SRX298300_1_fastqc.zip' as it matched the path_filters for 'FastQC (raw)'
[2024-10-04 22:02:19,062] multiqc.modules.base_module                        [DEBUG  ]  fastqc/zip - Selecting './fastqc/raw/SRX298284_1_fastqc.zip' as it matched the path_filters for 'FastQC (raw)'
[2024-10-04 22:02:19,103] multiqc.modules.base_module                        [DEBUG  ]  fastqc/zip - Selecting './fastqc/raw/SRX298305_2_fastqc.zip' as it matched the path_filters for 'FastQC (raw)'
[2024-10-04 22:02:19,152] multiqc.modules.base_module                        [DEBUG  ]  fastqc/zip - Selecting './fastqc/raw/SRX298280_2_fastqc.zip' as it matched the path_filters for 'FastQC (raw)'
[2024-10-04 22:02:19,241] multiqc.modules.base_module                        [DEBUG  ]  fastqc/zip - Selecting './fastqc/raw/SRX298289_1_fastqc.zip' as it matched the path_filters for 'FastQC (raw)'
[2024-10-04 22:02:19,283] multiqc.modules.base_module                        [DEBUG  ]  fastqc/zip - Selecting './fastqc/raw/SRX298289_2_fastqc.zip' as it matched the path_filters for 'FastQC (raw)'
[2024-10-04 22:02:19,317] multiqc.modules.base_module                        [DEBUG  ]  fastqc/zip - Selecting './fastqc/raw/SRX298291_1_fastqc.zip' as it matched the path_filters for 'FastQC (raw)'
[2024-10-04 22:02:19,368] multiqc.modules.base_module                        [DEBUG  ]  fastqc/zip - Selecting './fastqc/raw/SRX298285_1_fastqc.zip' as it matched the path_filters for 'FastQC (raw)'
[2024-10-04 22:02:19,421] multiqc.modules.base_module                        [DEBUG  ]  fastqc/zip - Selecting './fastqc/raw/SRX298299_1_fastqc.zip' as it matched the path_filters for 'FastQC (raw)'
[2024-10-04 22:02:19,465] multiqc.modules.base_module                        [DEBUG  ]  fastqc/zip - Selecting './fastqc/raw/SRX298296_2_fastqc.zip' as it matched the path_filters for 'FastQC (raw)'
[2024-10-04 22:02:19,501] multiqc.modules.base_module                        [DEBUG  ]  fastqc/zip - Selecting './fastqc/raw/SRX298301_1_fastqc.zip' as it matched the path_filters for 'FastQC (raw)'
[2024-10-04 22:02:19,532] multiqc.modules.base_module                        [DEBUG  ]  fastqc/zip - Selecting './fastqc/raw/SRX298291_2_fastqc.zip' as it matched the path_filters for 'FastQC (raw)'
[2024-10-04 22:02:19,578] multiqc.modules.base_module                        [DEBUG  ]  fastqc/zip - Selecting './fastqc/raw/SRX298287_1_fastqc.zip' as it matched the path_filters for 'FastQC (raw)'
[2024-10-04 22:02:19,615] multiqc.modules.base_module                        [DEBUG  ]  fastqc/zip - Selecting './fastqc/raw/SRX298299_2_fastqc.zip' as it matched the path_filters for 'FastQC (raw)'
[2024-10-04 22:02:19,648] multiqc.modules.base_module                        [DEBUG  ]  fastqc/zip - Selecting './fastqc/raw/SRX298280_1_fastqc.zip' as it matched the path_filters for 'FastQC (raw)'
[2024-10-04 22:02:19,708] multiqc.modules.base_module                        [DEBUG  ]  fastqc/zip - Selecting './fastqc/raw/SRX298283_2_fastqc.zip' as it matched the path_filters for 'FastQC (raw)'
[2024-10-04 22:02:19,814] multiqc.modules.base_module                        [DEBUG  ]  fastqc/zip - Selecting './fastqc/raw/SRX298306_1_fastqc.zip' as it matched the path_filters for 'FastQC (raw)'
[2024-10-04 22:02:19,874] multiqc.modules.base_module                        [DEBUG  ]  fastqc/zip - Selecting './fastqc/raw/SRX298286_2_fastqc.zip' as it matched the path_filters for 'FastQC (raw)'
[2024-10-04 22:02:19,937] multiqc.modules.base_module                        [DEBUG  ]  fastqc/zip - Selecting './fastqc/raw/SRX298286_1_fastqc.zip' as it matched the path_filters for 'FastQC (raw)'
[2024-10-04 22:02:19,972] multiqc.modules.base_module                        [DEBUG  ]  fastqc/zip - Selecting './fastqc/raw/SRX298298_1_fastqc.zip' as it matched the path_filters for 'FastQC (raw)'
[2024-10-04 22:02:20,006] multiqc.modules.base_module                        [DEBUG  ]  fastqc/zip - Selecting './fastqc/raw/SRX298290_2_fastqc.zip' as it matched the path_filters for 'FastQC (raw)'
[2024-10-04 22:02:20,045] multiqc.modules.base_module                        [DEBUG  ]  fastqc/zip - Selecting './fastqc/raw/SRX298306_2_fastqc.zip' as it matched the path_filters for 'FastQC (raw)'
[2024-10-04 22:02:20,106] multiqc.modules.base_module                        [DEBUG  ]  fastqc/zip - Skipping './fastqc/trim/SRX298281_2_val_2_fastqc.zip' as it didn't match the path_filters for 'FastQC (raw)'
[2024-10-04 22:02:20,106] multiqc.modules.base_module                        [DEBUG  ]  fastqc/zip - Skipping './fastqc/trim/SRX298280_1_val_1_fastqc.zip' as it didn't match the path_filters for 'FastQC (raw)'
[2024-10-04 22:02:20,106] multiqc.modules.base_module                        [DEBUG  ]  fastqc/zip - Skipping './fastqc/trim/SRX298301_1_val_1_fastqc.zip' as it didn't match the path_filters for 'FastQC (raw)'
[2024-10-04 22:02:20,106] multiqc.modules.base_module                        [DEBUG  ]  fastqc/zip - Skipping './fastqc/trim/SRX298298_2_val_2_fastqc.zip' as it didn't match the path_filters for 'FastQC (raw)'
[2024-10-04 22:02:20,106] multiqc.modules.base_module                        [DEBUG  ]  fastqc/zip - Skipping './fastqc/trim/SRX298300_2_val_2_fastqc.zip' as it didn't match the path_filters for 'FastQC (raw)'
[2024-10-04 22:02:20,106] multiqc.modules.base_module                        [DEBUG  ]  fastqc/zip - Skipping './fastqc/trim/SRX298289_2_val_2_fastqc.zip' as it didn't match the path_filters for 'FastQC (raw)'
[2024-10-04 22:02:20,106] multiqc.modules.base_module                        [DEBUG  ]  fastqc/zip - Skipping './fastqc/trim/SRX298301_2_val_2_fastqc.zip' as it didn't match the path_filters for 'FastQC (raw)'
[2024-10-04 22:02:20,106] multiqc.modules.base_module                        [DEBUG  ]  fastqc/zip - Skipping './fastqc/trim/SRX298303_1_val_1_fastqc.zip' as it didn't match the path_filters for 'FastQC (raw)'
[2024-10-04 22:02:20,106] multiqc.modules.base_module                        [DEBUG  ]  fastqc/zip - Skipping './fastqc/trim/SRX298297_2_val_2_fastqc.zip' as it didn't match the path_filters for 'FastQC (raw)'
[2024-10-04 22:02:20,106] multiqc.modules.base_module                        [DEBUG  ]  fastqc/zip - Skipping './fastqc/trim/SRX298303_2_val_2_fastqc.zip' as it didn't match the path_filters for 'FastQC (raw)'
[2024-10-04 22:02:20,106] multiqc.modules.base_module                        [DEBUG  ]  fastqc/zip - Skipping './fastqc/trim/SRX298306_2_val_2_fastqc.zip' as it didn't match the path_filters for 'FastQC (raw)'
[2024-10-04 22:02:20,106] multiqc.modules.base_module                        [DEBUG  ]  fastqc/zip - Skipping './fastqc/trim/SRX298304_1_val_1_fastqc.zip' as it didn't match the path_filters for 'FastQC (raw)'
[2024-10-04 22:02:20,106] multiqc.modules.base_module                        [DEBUG  ]  fastqc/zip - Skipping './fastqc/trim/SRX298296_2_val_2_fastqc.zip' as it didn't match the path_filters for 'FastQC (raw)'
[2024-10-04 22:02:20,106] multiqc.modules.base_module                        [DEBUG  ]  fastqc/zip - Skipping './fastqc/trim/SRX298296_1_val_1_fastqc.zip' as it didn't match the path_filters for 'FastQC (raw)'
[2024-10-04 22:02:20,106] multiqc.modules.base_module                        [DEBUG  ]  fastqc/zip - Skipping './fastqc/trim/SRX298294_1_val_1_fastqc.zip' as it didn't match the path_filters for 'FastQC (raw)'
[2024-10-04 22:02:20,107] multiqc.modules.base_module                        [DEBUG  ]  fastqc/zip - Skipping './fastqc/trim/SRX298308_1_val_1_fastqc.zip' as it didn't match the path_filters for 'FastQC (raw)'
[2024-10-04 22:02:20,107] multiqc.modules.base_module                        [DEBUG  ]  fastqc/zip - Skipping './fastqc/trim/SRX298289_1_val_1_fastqc.zip' as it didn't match the path_filters for 'FastQC (raw)'
[2024-10-04 22:02:20,107] multiqc.modules.base_module                        [DEBUG  ]  fastqc/zip - Skipping './fastqc/trim/SRX298285_2_val_2_fastqc.zip' as it didn't match the path_filters for 'FastQC (raw)'
[2024-10-04 22:02:20,107] multiqc.modules.base_module                        [DEBUG  ]  fastqc/zip - Skipping './fastqc/trim/SRX298294_2_val_2_fastqc.zip' as it didn't match the path_filters for 'FastQC (raw)'
[2024-10-04 22:02:20,107] multiqc.modules.base_module                        [DEBUG  ]  fastqc/zip - Skipping './fastqc/trim/SRX298305_1_val_1_fastqc.zip' as it didn't match the path_filters for 'FastQC (raw)'
[2024-10-04 22:02:20,107] multiqc.modules.base_module                        [DEBUG  ]  fastqc/zip - Skipping './fastqc/trim/SRX298292_1_val_1_fastqc.zip' as it didn't match the path_filters for 'FastQC (raw)'
[2024-10-04 22:02:20,107] multiqc.modules.base_module                        [DEBUG  ]  fastqc/zip - Skipping './fastqc/trim/SRX298286_2_val_2_fastqc.zip' as it didn't match the path_filters for 'FastQC (raw)'
[2024-10-04 22:02:20,107] multiqc.modules.base_module                        [DEBUG  ]  fastqc/zip - Skipping './fastqc/trim/SRX298284_1_val_1_fastqc.zip' as it didn't match the path_filters for 'FastQC (raw)'
[2024-10-04 22:02:20,107] multiqc.modules.base_module                        [DEBUG  ]  fastqc/zip - Skipping './fastqc/trim/SRX298290_2_val_2_fastqc.zip' as it didn't match the path_filters for 'FastQC (raw)'
[2024-10-04 22:02:20,107] multiqc.modules.base_module                        [DEBUG  ]  fastqc/zip - Skipping './fastqc/trim/SRX298309_2_val_2_fastqc.zip' as it didn't match the path_filters for 'FastQC (raw)'
[2024-10-04 22:02:20,107] multiqc.modules.base_module                        [DEBUG  ]  fastqc/zip - Skipping './fastqc/trim/SRX298282_1_val_1_fastqc.zip' as it didn't match the path_filters for 'FastQC (raw)'
[2024-10-04 22:02:20,107] multiqc.modules.base_module                        [DEBUG  ]  fastqc/zip - Skipping './fastqc/trim/SRX298290_1_val_1_fastqc.zip' as it didn't match the path_filters for 'FastQC (raw)'
[2024-10-04 22:02:20,107] multiqc.modules.base_module                        [DEBUG  ]  fastqc/zip - Skipping './fastqc/trim/SRX298295_1_val_1_fastqc.zip' as it didn't match the path_filters for 'FastQC (raw)'
[2024-10-04 22:02:20,107] multiqc.modules.base_module                        [DEBUG  ]  fastqc/zip - Skipping './fastqc/trim/SRX298293_2_val_2_fastqc.zip' as it didn't match the path_filters for 'FastQC (raw)'
[2024-10-04 22:02:20,107] multiqc.modules.base_module                        [DEBUG  ]  fastqc/zip - Skipping './fastqc/trim/SRX298284_2_val_2_fastqc.zip' as it didn't match the path_filters for 'FastQC (raw)'
[2024-10-04 22:02:20,107] multiqc.modules.base_module                        [DEBUG  ]  fastqc/zip - Skipping './fastqc/trim/SRX298288_2_val_2_fastqc.zip' as it didn't match the path_filters for 'FastQC (raw)'
[2024-10-04 22:02:20,107] multiqc.modules.base_module                        [DEBUG  ]  fastqc/zip - Skipping './fastqc/trim/SRX298295_2_val_2_fastqc.zip' as it didn't match the path_filters for 'FastQC (raw)'
[2024-10-04 22:02:20,107] multiqc.modules.base_module                        [DEBUG  ]  fastqc/zip - Skipping './fastqc/trim/SRX298287_2_val_2_fastqc.zip' as it didn't match the path_filters for 'FastQC (raw)'
[2024-10-04 22:02:20,107] multiqc.modules.base_module                        [DEBUG  ]  fastqc/zip - Skipping './fastqc/trim/SRX298297_1_val_1_fastqc.zip' as it didn't match the path_filters for 'FastQC (raw)'
[2024-10-04 22:02:20,107] multiqc.modules.base_module                        [DEBUG  ]  fastqc/zip - Skipping './fastqc/trim/SRX298292_2_val_2_fastqc.zip' as it didn't match the path_filters for 'FastQC (raw)'
[2024-10-04 22:02:20,107] multiqc.modules.base_module                        [DEBUG  ]  fastqc/zip - Skipping './fastqc/trim/SRX298307_2_val_2_fastqc.zip' as it didn't match the path_filters for 'FastQC (raw)'
[2024-10-04 22:02:20,107] multiqc.modules.base_module                        [DEBUG  ]  fastqc/zip - Skipping './fastqc/trim/SRX298293_1_val_1_fastqc.zip' as it didn't match the path_filters for 'FastQC (raw)'
[2024-10-04 22:02:20,107] multiqc.modules.base_module                        [DEBUG  ]  fastqc/zip - Skipping './fastqc/trim/SRX298307_1_val_1_fastqc.zip' as it didn't match the path_filters for 'FastQC (raw)'
[2024-10-04 22:02:20,107] multiqc.modules.base_module                        [DEBUG  ]  fastqc/zip - Skipping './fastqc/trim/SRX298308_2_val_2_fastqc.zip' as it didn't match the path_filters for 'FastQC (raw)'
[2024-10-04 22:02:20,107] multiqc.modules.base_module                        [DEBUG  ]  fastqc/zip - Skipping './fastqc/trim/SRX298299_1_val_1_fastqc.zip' as it didn't match the path_filters for 'FastQC (raw)'
[2024-10-04 22:02:20,107] multiqc.modules.base_module                        [DEBUG  ]  fastqc/zip - Skipping './fastqc/trim/SRX298305_2_val_2_fastqc.zip' as it didn't match the path_filters for 'FastQC (raw)'
[2024-10-04 22:02:20,107] multiqc.modules.base_module                        [DEBUG  ]  fastqc/zip - Skipping './fastqc/trim/SRX298282_2_val_2_fastqc.zip' as it didn't match the path_filters for 'FastQC (raw)'
[2024-10-04 22:02:20,107] multiqc.modules.base_module                        [DEBUG  ]  fastqc/zip - Skipping './fastqc/trim/SRX298291_1_val_1_fastqc.zip' as it didn't match the path_filters for 'FastQC (raw)'
[2024-10-04 22:02:20,107] multiqc.modules.base_module                        [DEBUG  ]  fastqc/zip - Skipping './fastqc/trim/SRX298286_1_val_1_fastqc.zip' as it didn't match the path_filters for 'FastQC (raw)'
[2024-10-04 22:02:20,107] multiqc.modules.base_module                        [DEBUG  ]  fastqc/zip - Skipping './fastqc/trim/SRX298302_2_val_2_fastqc.zip' as it didn't match the path_filters for 'FastQC (raw)'
[2024-10-04 22:02:20,107] multiqc.modules.base_module                        [DEBUG  ]  fastqc/zip - Skipping './fastqc/trim/SRX298281_1_val_1_fastqc.zip' as it didn't match the path_filters for 'FastQC (raw)'
[2024-10-04 22:02:20,107] multiqc.modules.base_module                        [DEBUG  ]  fastqc/zip - Skipping './fastqc/trim/SRX298300_1_val_1_fastqc.zip' as it didn't match the path_filters for 'FastQC (raw)'
[2024-10-04 22:02:20,107] multiqc.modules.base_module                        [DEBUG  ]  fastqc/zip - Skipping './fastqc/trim/SRX298283_2_val_2_fastqc.zip' as it didn't match the path_filters for 'FastQC (raw)'
[2024-10-04 22:02:20,107] multiqc.modules.base_module                        [DEBUG  ]  fastqc/zip - Skipping './fastqc/trim/SRX298285_1_val_1_fastqc.zip' as it didn't match the path_filters for 'FastQC (raw)'
[2024-10-04 22:02:20,107] multiqc.modules.base_module                        [DEBUG  ]  fastqc/zip - Skipping './fastqc/trim/SRX298288_1_val_1_fastqc.zip' as it didn't match the path_filters for 'FastQC (raw)'
[2024-10-04 22:02:20,107] multiqc.modules.base_module                        [DEBUG  ]  fastqc/zip - Skipping './fastqc/trim/SRX298298_1_val_1_fastqc.zip' as it didn't match the path_filters for 'FastQC (raw)'
[2024-10-04 22:02:20,107] multiqc.modules.base_module                        [DEBUG  ]  fastqc/zip - Skipping './fastqc/trim/SRX298280_2_val_2_fastqc.zip' as it didn't match the path_filters for 'FastQC (raw)'
[2024-10-04 22:02:20,107] multiqc.modules.base_module                        [DEBUG  ]  fastqc/zip - Skipping './fastqc/trim/SRX298302_1_val_1_fastqc.zip' as it didn't match the path_filters for 'FastQC (raw)'
[2024-10-04 22:02:20,107] multiqc.modules.base_module                        [DEBUG  ]  fastqc/zip - Skipping './fastqc/trim/SRX298309_1_val_1_fastqc.zip' as it didn't match the path_filters for 'FastQC (raw)'
[2024-10-04 22:02:20,107] multiqc.modules.base_module                        [DEBUG  ]  fastqc/zip - Skipping './fastqc/trim/SRX298299_2_val_2_fastqc.zip' as it didn't match the path_filters for 'FastQC (raw)'
[2024-10-04 22:02:20,107] multiqc.modules.base_module                        [DEBUG  ]  fastqc/zip - Skipping './fastqc/trim/SRX298306_1_val_1_fastqc.zip' as it didn't match the path_filters for 'FastQC (raw)'
[2024-10-04 22:02:20,107] multiqc.modules.base_module                        [DEBUG  ]  fastqc/zip - Skipping './fastqc/trim/SRX298287_1_val_1_fastqc.zip' as it didn't match the path_filters for 'FastQC (raw)'
[2024-10-04 22:02:20,107] multiqc.modules.base_module                        [DEBUG  ]  fastqc/zip - Skipping './fastqc/trim/SRX298304_2_val_2_fastqc.zip' as it didn't match the path_filters for 'FastQC (raw)'
[2024-10-04 22:02:20,107] multiqc.modules.base_module                        [DEBUG  ]  fastqc/zip - Skipping './fastqc/trim/SRX298283_1_val_1_fastqc.zip' as it didn't match the path_filters for 'FastQC (raw)'
[2024-10-04 22:02:20,107] multiqc.modules.base_module                        [DEBUG  ]  fastqc/zip - Skipping './fastqc/trim/SRX298291_2_val_2_fastqc.zip' as it didn't match the path_filters for 'FastQC (raw)'
[2024-10-04 22:02:20,108] multiqc.modules.fastqc.fastqc                      [INFO   ]  Found 60 reports
[2024-10-04 22:02:29,123] multiqc.modules.cutadapt.cutadapt                  [INFO   ]  Found 60 reports
[2024-10-04 22:02:32,526] multiqc.modules.base_module                        [DEBUG  ]  fastqc/zip - Skipping './fastqc/raw/SRX298304_2_fastqc.zip' as it didn't match the path_filters for 'FastQC (trimmed)'
[2024-10-04 22:02:32,526] multiqc.modules.base_module                        [DEBUG  ]  fastqc/zip - Skipping './fastqc/raw/SRX298295_1_fastqc.zip' as it didn't match the path_filters for 'FastQC (trimmed)'
[2024-10-04 22:02:32,526] multiqc.modules.base_module                        [DEBUG  ]  fastqc/zip - Skipping './fastqc/raw/SRX298281_1_fastqc.zip' as it didn't match the path_filters for 'FastQC (trimmed)'
[2024-10-04 22:02:32,526] multiqc.modules.base_module                        [DEBUG  ]  fastqc/zip - Skipping './fastqc/raw/SRX298282_1_fastqc.zip' as it didn't match the path_filters for 'FastQC (trimmed)'
[2024-10-04 22:02:32,526] multiqc.modules.base_module                        [DEBUG  ]  fastqc/zip - Skipping './fastqc/raw/SRX298307_1_fastqc.zip' as it didn't match the path_filters for 'FastQC (trimmed)'
[2024-10-04 22:02:32,526] multiqc.modules.base_module                        [DEBUG  ]  fastqc/zip - Skipping './fastqc/raw/SRX298305_1_fastqc.zip' as it didn't match the path_filters for 'FastQC (trimmed)'
[2024-10-04 22:02:32,526] multiqc.modules.base_module                        [DEBUG  ]  fastqc/zip - Skipping './fastqc/raw/SRX298300_2_fastqc.zip' as it didn't match the path_filters for 'FastQC (trimmed)'
[2024-10-04 22:02:32,526] multiqc.modules.base_module                        [DEBUG  ]  fastqc/zip - Skipping './fastqc/raw/SRX298301_2_fastqc.zip' as it didn't match the path_filters for 'FastQC (trimmed)'
[2024-10-04 22:02:32,526] multiqc.modules.base_module                        [DEBUG  ]  fastqc/zip - Skipping './fastqc/raw/SRX298288_2_fastqc.zip' as it didn't match the path_filters for 'FastQC (trimmed)'
[2024-10-04 22:02:32,526] multiqc.modules.base_module                        [DEBUG  ]  fastqc/zip - Skipping './fastqc/raw/SRX298293_2_fastqc.zip' as it didn't match the path_filters for 'FastQC (trimmed)'
[2024-10-04 22:02:32,526] multiqc.modules.base_module                        [DEBUG  ]  fastqc/zip - Skipping './fastqc/raw/SRX298282_2_fastqc.zip' as it didn't match the path_filters for 'FastQC (trimmed)'
[2024-10-04 22:02:32,526] multiqc.modules.base_module                        [DEBUG  ]  fastqc/zip - Skipping './fastqc/raw/SRX298308_1_fastqc.zip' as it didn't match the path_filters for 'FastQC (trimmed)'
[2024-10-04 22:02:32,526] multiqc.modules.base_module                        [DEBUG  ]  fastqc/zip - Skipping './fastqc/raw/SRX298307_2_fastqc.zip' as it didn't match the path_filters for 'FastQC (trimmed)'
[2024-10-04 22:02:32,526] multiqc.modules.base_module                        [DEBUG  ]  fastqc/zip - Skipping './fastqc/raw/SRX298303_2_fastqc.zip' as it didn't match the path_filters for 'FastQC (trimmed)'
[2024-10-04 22:02:32,526] multiqc.modules.base_module                        [DEBUG  ]  fastqc/zip - Skipping './fastqc/raw/SRX298292_2_fastqc.zip' as it didn't match the path_filters for 'FastQC (trimmed)'
[2024-10-04 22:02:32,526] multiqc.modules.base_module                        [DEBUG  ]  fastqc/zip - Skipping './fastqc/raw/SRX298308_2_fastqc.zip' as it didn't match the path_filters for 'FastQC (trimmed)'
[2024-10-04 22:02:32,526] multiqc.modules.base_module                        [DEBUG  ]  fastqc/zip - Skipping './fastqc/raw/SRX298302_2_fastqc.zip' as it didn't match the path_filters for 'FastQC (trimmed)'
[2024-10-04 22:02:32,526] multiqc.modules.base_module                        [DEBUG  ]  fastqc/zip - Skipping './fastqc/raw/SRX298296_1_fastqc.zip' as it didn't match the path_filters for 'FastQC (trimmed)'
[2024-10-04 22:02:32,526] multiqc.modules.base_module                        [DEBUG  ]  fastqc/zip - Skipping './fastqc/raw/SRX298293_1_fastqc.zip' as it didn't match the path_filters for 'FastQC (trimmed)'
[2024-10-04 22:02:32,526] multiqc.modules.base_module                        [DEBUG  ]  fastqc/zip - Skipping './fastqc/raw/SRX298309_2_fastqc.zip' as it didn't match the path_filters for 'FastQC (trimmed)'
[2024-10-04 22:02:32,526] multiqc.modules.base_module                        [DEBUG  ]  fastqc/zip - Skipping './fastqc/raw/SRX298295_2_fastqc.zip' as it didn't match the path_filters for 'FastQC (trimmed)'
[2024-10-04 22:02:32,526] multiqc.modules.base_module                        [DEBUG  ]  fastqc/zip - Skipping './fastqc/raw/SRX298294_1_fastqc.zip' as it didn't match the path_filters for 'FastQC (trimmed)'
[2024-10-04 22:02:32,526] multiqc.modules.base_module                        [DEBUG  ]  fastqc/zip - Skipping './fastqc/raw/SRX298302_1_fastqc.zip' as it didn't match the path_filters for 'FastQC (trimmed)'
[2024-10-04 22:02:32,526] multiqc.modules.base_module                        [DEBUG  ]  fastqc/zip - Skipping './fastqc/raw/SRX298297_2_fastqc.zip' as it didn't match the path_filters for 'FastQC (trimmed)'
[2024-10-04 22:02:32,526] multiqc.modules.base_module                        [DEBUG  ]  fastqc/zip - Skipping './fastqc/raw/SRX298281_2_fastqc.zip' as it didn't match the path_filters for 'FastQC (trimmed)'
[2024-10-04 22:02:32,526] multiqc.modules.base_module                        [DEBUG  ]  fastqc/zip - Skipping './fastqc/raw/SRX298285_2_fastqc.zip' as it didn't match the path_filters for 'FastQC (trimmed)'
[2024-10-04 22:02:32,526] multiqc.modules.base_module                        [DEBUG  ]  fastqc/zip - Skipping './fastqc/raw/SRX298283_1_fastqc.zip' as it didn't match the path_filters for 'FastQC (trimmed)'
[2024-10-04 22:02:32,526] multiqc.modules.base_module                        [DEBUG  ]  fastqc/zip - Skipping './fastqc/raw/SRX298290_1_fastqc.zip' as it didn't match the path_filters for 'FastQC (trimmed)'
[2024-10-04 22:02:32,526] multiqc.modules.base_module                        [DEBUG  ]  fastqc/zip - Skipping './fastqc/raw/SRX298309_1_fastqc.zip' as it didn't match the path_filters for 'FastQC (trimmed)'
[2024-10-04 22:02:32,527] multiqc.modules.base_module                        [DEBUG  ]  fastqc/zip - Skipping './fastqc/raw/SRX298288_1_fastqc.zip' as it didn't match the path_filters for 'FastQC (trimmed)'
[2024-10-04 22:02:32,527] multiqc.modules.base_module                        [DEBUG  ]  fastqc/zip - Skipping './fastqc/raw/SRX298284_2_fastqc.zip' as it didn't match the path_filters for 'FastQC (trimmed)'
[2024-10-04 22:02:32,527] multiqc.modules.base_module                        [DEBUG  ]  fastqc/zip - Skipping './fastqc/raw/SRX298304_1_fastqc.zip' as it didn't match the path_filters for 'FastQC (trimmed)'
[2024-10-04 22:02:32,527] multiqc.modules.base_module                        [DEBUG  ]  fastqc/zip - Skipping './fastqc/raw/SRX298294_2_fastqc.zip' as it didn't match the path_filters for 'FastQC (trimmed)'
[2024-10-04 22:02:32,527] multiqc.modules.base_module                        [DEBUG  ]  fastqc/zip - Skipping './fastqc/raw/SRX298303_1_fastqc.zip' as it didn't match the path_filters for 'FastQC (trimmed)'
[2024-10-04 22:02:32,527] multiqc.modules.base_module                        [DEBUG  ]  fastqc/zip - Skipping './fastqc/raw/SRX298292_1_fastqc.zip' as it didn't match the path_filters for 'FastQC (trimmed)'
[2024-10-04 22:02:32,527] multiqc.modules.base_module                        [DEBUG  ]  fastqc/zip - Skipping './fastqc/raw/SRX298287_2_fastqc.zip' as it didn't match the path_filters for 'FastQC (trimmed)'
[2024-10-04 22:02:32,527] multiqc.modules.base_module                        [DEBUG  ]  fastqc/zip - Skipping './fastqc/raw/SRX298297_1_fastqc.zip' as it didn't match the path_filters for 'FastQC (trimmed)'
[2024-10-04 22:02:32,527] multiqc.modules.base_module                        [DEBUG  ]  fastqc/zip - Skipping './fastqc/raw/SRX298298_2_fastqc.zip' as it didn't match the path_filters for 'FastQC (trimmed)'
[2024-10-04 22:02:32,527] multiqc.modules.base_module                        [DEBUG  ]  fastqc/zip - Skipping './fastqc/raw/SRX298300_1_fastqc.zip' as it didn't match the path_filters for 'FastQC (trimmed)'
[2024-10-04 22:02:32,527] multiqc.modules.base_module                        [DEBUG  ]  fastqc/zip - Skipping './fastqc/raw/SRX298284_1_fastqc.zip' as it didn't match the path_filters for 'FastQC (trimmed)'
[2024-10-04 22:02:32,527] multiqc.modules.base_module                        [DEBUG  ]  fastqc/zip - Skipping './fastqc/raw/SRX298305_2_fastqc.zip' as it didn't match the path_filters for 'FastQC (trimmed)'
[2024-10-04 22:02:32,527] multiqc.modules.base_module                        [DEBUG  ]  fastqc/zip - Skipping './fastqc/raw/SRX298280_2_fastqc.zip' as it didn't match the path_filters for 'FastQC (trimmed)'
[2024-10-04 22:02:32,527] multiqc.modules.base_module                        [DEBUG  ]  fastqc/zip - Skipping './fastqc/raw/SRX298289_1_fastqc.zip' as it didn't match the path_filters for 'FastQC (trimmed)'
[2024-10-04 22:02:32,527] multiqc.modules.base_module                        [DEBUG  ]  fastqc/zip - Skipping './fastqc/raw/SRX298289_2_fastqc.zip' as it didn't match the path_filters for 'FastQC (trimmed)'
[2024-10-04 22:02:32,527] multiqc.modules.base_module                        [DEBUG  ]  fastqc/zip - Skipping './fastqc/raw/SRX298291_1_fastqc.zip' as it didn't match the path_filters for 'FastQC (trimmed)'
[2024-10-04 22:02:32,527] multiqc.modules.base_module                        [DEBUG  ]  fastqc/zip - Skipping './fastqc/raw/SRX298285_1_fastqc.zip' as it didn't match the path_filters for 'FastQC (trimmed)'
[2024-10-04 22:02:32,527] multiqc.modules.base_module                        [DEBUG  ]  fastqc/zip - Skipping './fastqc/raw/SRX298299_1_fastqc.zip' as it didn't match the path_filters for 'FastQC (trimmed)'
[2024-10-04 22:02:32,527] multiqc.modules.base_module                        [DEBUG  ]  fastqc/zip - Skipping './fastqc/raw/SRX298296_2_fastqc.zip' as it didn't match the path_filters for 'FastQC (trimmed)'
[2024-10-04 22:02:32,527] multiqc.modules.base_module                        [DEBUG  ]  fastqc/zip - Skipping './fastqc/raw/SRX298301_1_fastqc.zip' as it didn't match the path_filters for 'FastQC (trimmed)'
[2024-10-04 22:02:32,527] multiqc.modules.base_module                        [DEBUG  ]  fastqc/zip - Skipping './fastqc/raw/SRX298291_2_fastqc.zip' as it didn't match the path_filters for 'FastQC (trimmed)'
[2024-10-04 22:02:32,527] multiqc.modules.base_module                        [DEBUG  ]  fastqc/zip - Skipping './fastqc/raw/SRX298287_1_fastqc.zip' as it didn't match the path_filters for 'FastQC (trimmed)'
[2024-10-04 22:02:32,527] multiqc.modules.base_module                        [DEBUG  ]  fastqc/zip - Skipping './fastqc/raw/SRX298299_2_fastqc.zip' as it didn't match the path_filters for 'FastQC (trimmed)'
[2024-10-04 22:02:32,527] multiqc.modules.base_module                        [DEBUG  ]  fastqc/zip - Skipping './fastqc/raw/SRX298280_1_fastqc.zip' as it didn't match the path_filters for 'FastQC (trimmed)'
[2024-10-04 22:02:32,527] multiqc.modules.base_module                        [DEBUG  ]  fastqc/zip - Skipping './fastqc/raw/SRX298283_2_fastqc.zip' as it didn't match the path_filters for 'FastQC (trimmed)'
[2024-10-04 22:02:32,527] multiqc.modules.base_module                        [DEBUG  ]  fastqc/zip - Skipping './fastqc/raw/SRX298306_1_fastqc.zip' as it didn't match the path_filters for 'FastQC (trimmed)'
[2024-10-04 22:02:32,527] multiqc.modules.base_module                        [DEBUG  ]  fastqc/zip - Skipping './fastqc/raw/SRX298286_2_fastqc.zip' as it didn't match the path_filters for 'FastQC (trimmed)'
[2024-10-04 22:02:32,527] multiqc.modules.base_module                        [DEBUG  ]  fastqc/zip - Skipping './fastqc/raw/SRX298286_1_fastqc.zip' as it didn't match the path_filters for 'FastQC (trimmed)'
[2024-10-04 22:02:32,527] multiqc.modules.base_module                        [DEBUG  ]  fastqc/zip - Skipping './fastqc/raw/SRX298298_1_fastqc.zip' as it didn't match the path_filters for 'FastQC (trimmed)'
[2024-10-04 22:02:32,527] multiqc.modules.base_module                        [DEBUG  ]  fastqc/zip - Skipping './fastqc/raw/SRX298290_2_fastqc.zip' as it didn't match the path_filters for 'FastQC (trimmed)'
[2024-10-04 22:02:32,527] multiqc.modules.base_module                        [DEBUG  ]  fastqc/zip - Skipping './fastqc/raw/SRX298306_2_fastqc.zip' as it didn't match the path_filters for 'FastQC (trimmed)'
[2024-10-04 22:02:32,527] multiqc.modules.base_module                        [DEBUG  ]  fastqc/zip - Selecting './fastqc/trim/SRX298281_2_val_2_fastqc.zip' as it matched the path_filters for 'FastQC (trimmed)'
[2024-10-04 22:02:32,703] multiqc.modules.base_module                        [DEBUG  ]  fastqc/zip - Selecting './fastqc/trim/SRX298280_1_val_1_fastqc.zip' as it matched the path_filters for 'FastQC (trimmed)'
[2024-10-04 22:02:32,764] multiqc.modules.base_module                        [DEBUG  ]  fastqc/zip - Selecting './fastqc/trim/SRX298301_1_val_1_fastqc.zip' as it matched the path_filters for 'FastQC (trimmed)'
[2024-10-04 22:02:32,844] multiqc.modules.base_module                        [DEBUG  ]  fastqc/zip - Selecting './fastqc/trim/SRX298298_2_val_2_fastqc.zip' as it matched the path_filters for 'FastQC (trimmed)'
[2024-10-04 22:02:32,877] multiqc.modules.base_module                        [DEBUG  ]  fastqc/zip - Selecting './fastqc/trim/SRX298300_2_val_2_fastqc.zip' as it matched the path_filters for 'FastQC (trimmed)'
[2024-10-04 22:02:32,933] multiqc.modules.base_module                        [DEBUG  ]  fastqc/zip - Selecting './fastqc/trim/SRX298289_2_val_2_fastqc.zip' as it matched the path_filters for 'FastQC (trimmed)'
[2024-10-04 22:02:32,966] multiqc.modules.base_module                        [DEBUG  ]  fastqc/zip - Selecting './fastqc/trim/SRX298301_2_val_2_fastqc.zip' as it matched the path_filters for 'FastQC (trimmed)'
[2024-10-04 22:02:33,010] multiqc.modules.base_module                        [DEBUG  ]  fastqc/zip - Selecting './fastqc/trim/SRX298303_1_val_1_fastqc.zip' as it matched the path_filters for 'FastQC (trimmed)'
[2024-10-04 22:02:33,044] multiqc.modules.base_module                        [DEBUG  ]  fastqc/zip - Selecting './fastqc/trim/SRX298297_2_val_2_fastqc.zip' as it matched the path_filters for 'FastQC (trimmed)'
[2024-10-04 22:02:33,107] multiqc.modules.base_module                        [DEBUG  ]  fastqc/zip - Selecting './fastqc/trim/SRX298303_2_val_2_fastqc.zip' as it matched the path_filters for 'FastQC (trimmed)'
[2024-10-04 22:02:33,143] multiqc.modules.base_module                        [DEBUG  ]  fastqc/zip - Selecting './fastqc/trim/SRX298306_2_val_2_fastqc.zip' as it matched the path_filters for 'FastQC (trimmed)'
[2024-10-04 22:02:33,184] multiqc.modules.base_module                        [DEBUG  ]  fastqc/zip - Selecting './fastqc/trim/SRX298304_1_val_1_fastqc.zip' as it matched the path_filters for 'FastQC (trimmed)'
[2024-10-04 22:02:33,250] multiqc.modules.base_module                        [DEBUG  ]  fastqc/zip - Selecting './fastqc/trim/SRX298296_2_val_2_fastqc.zip' as it matched the path_filters for 'FastQC (trimmed)'
[2024-10-04 22:02:33,280] multiqc.modules.base_module                        [DEBUG  ]  fastqc/zip - Selecting './fastqc/trim/SRX298296_1_val_1_fastqc.zip' as it matched the path_filters for 'FastQC (trimmed)'
[2024-10-04 22:02:33,318] multiqc.modules.base_module                        [DEBUG  ]  fastqc/zip - Selecting './fastqc/trim/SRX298294_1_val_1_fastqc.zip' as it matched the path_filters for 'FastQC (trimmed)'
[2024-10-04 22:02:33,374] multiqc.modules.base_module                        [DEBUG  ]  fastqc/zip - Selecting './fastqc/trim/SRX298308_1_val_1_fastqc.zip' as it matched the path_filters for 'FastQC (trimmed)'
[2024-10-04 22:02:33,445] multiqc.modules.base_module                        [DEBUG  ]  fastqc/zip - Selecting './fastqc/trim/SRX298289_1_val_1_fastqc.zip' as it matched the path_filters for 'FastQC (trimmed)'
[2024-10-04 22:02:33,493] multiqc.modules.base_module                        [DEBUG  ]  fastqc/zip - Selecting './fastqc/trim/SRX298285_2_val_2_fastqc.zip' as it matched the path_filters for 'FastQC (trimmed)'
[2024-10-04 22:02:33,532] multiqc.modules.base_module                        [DEBUG  ]  fastqc/zip - Selecting './fastqc/trim/SRX298294_2_val_2_fastqc.zip' as it matched the path_filters for 'FastQC (trimmed)'
[2024-10-04 22:02:33,570] multiqc.modules.base_module                        [DEBUG  ]  fastqc/zip - Selecting './fastqc/trim/SRX298305_1_val_1_fastqc.zip' as it matched the path_filters for 'FastQC (trimmed)'
[2024-10-04 22:02:33,617] multiqc.modules.base_module                        [DEBUG  ]  fastqc/zip - Selecting './fastqc/trim/SRX298292_1_val_1_fastqc.zip' as it matched the path_filters for 'FastQC (trimmed)'
[2024-10-04 22:02:33,679] multiqc.modules.base_module                        [DEBUG  ]  fastqc/zip - Selecting './fastqc/trim/SRX298286_2_val_2_fastqc.zip' as it matched the path_filters for 'FastQC (trimmed)'
[2024-10-04 22:02:33,728] multiqc.modules.base_module                        [DEBUG  ]  fastqc/zip - Selecting './fastqc/trim/SRX298284_1_val_1_fastqc.zip' as it matched the path_filters for 'FastQC (trimmed)'
[2024-10-04 22:02:33,761] multiqc.modules.base_module                        [DEBUG  ]  fastqc/zip - Selecting './fastqc/trim/SRX298290_2_val_2_fastqc.zip' as it matched the path_filters for 'FastQC (trimmed)'
[2024-10-04 22:02:33,813] multiqc.modules.base_module                        [DEBUG  ]  fastqc/zip - Selecting './fastqc/trim/SRX298309_2_val_2_fastqc.zip' as it matched the path_filters for 'FastQC (trimmed)'
[2024-10-04 22:02:33,848] multiqc.modules.base_module                        [DEBUG  ]  fastqc/zip - Selecting './fastqc/trim/SRX298282_1_val_1_fastqc.zip' as it matched the path_filters for 'FastQC (trimmed)'
[2024-10-04 22:02:33,886] multiqc.modules.base_module                        [DEBUG  ]  fastqc/zip - Selecting './fastqc/trim/SRX298290_1_val_1_fastqc.zip' as it matched the path_filters for 'FastQC (trimmed)'
[2024-10-04 22:02:33,939] multiqc.modules.base_module                        [DEBUG  ]  fastqc/zip - Selecting './fastqc/trim/SRX298295_1_val_1_fastqc.zip' as it matched the path_filters for 'FastQC (trimmed)'
[2024-10-04 22:02:33,993] multiqc.modules.base_module                        [DEBUG  ]  fastqc/zip - Selecting './fastqc/trim/SRX298293_2_val_2_fastqc.zip' as it matched the path_filters for 'FastQC (trimmed)'
[2024-10-04 22:02:34,032] multiqc.modules.base_module                        [DEBUG  ]  fastqc/zip - Selecting './fastqc/trim/SRX298284_2_val_2_fastqc.zip' as it matched the path_filters for 'FastQC (trimmed)'
[2024-10-04 22:02:34,104] multiqc.modules.base_module                        [DEBUG  ]  fastqc/zip - Selecting './fastqc/trim/SRX298288_2_val_2_fastqc.zip' as it matched the path_filters for 'FastQC (trimmed)'
[2024-10-04 22:02:34,141] multiqc.modules.base_module                        [DEBUG  ]  fastqc/zip - Selecting './fastqc/trim/SRX298295_2_val_2_fastqc.zip' as it matched the path_filters for 'FastQC (trimmed)'
[2024-10-04 22:02:34,183] multiqc.modules.base_module                        [DEBUG  ]  fastqc/zip - Selecting './fastqc/trim/SRX298287_2_val_2_fastqc.zip' as it matched the path_filters for 'FastQC (trimmed)'
[2024-10-04 22:02:34,219] multiqc.modules.base_module                        [DEBUG  ]  fastqc/zip - Selecting './fastqc/trim/SRX298297_1_val_1_fastqc.zip' as it matched the path_filters for 'FastQC (trimmed)'
[2024-10-04 22:02:34,262] multiqc.modules.base_module                        [DEBUG  ]  fastqc/zip - Selecting './fastqc/trim/SRX298292_2_val_2_fastqc.zip' as it matched the path_filters for 'FastQC (trimmed)'
[2024-10-04 22:02:34,328] multiqc.modules.base_module                        [DEBUG  ]  fastqc/zip - Selecting './fastqc/trim/SRX298307_2_val_2_fastqc.zip' as it matched the path_filters for 'FastQC (trimmed)'
[2024-10-04 22:02:34,377] multiqc.modules.base_module                        [DEBUG  ]  fastqc/zip - Selecting './fastqc/trim/SRX298293_1_val_1_fastqc.zip' as it matched the path_filters for 'FastQC (trimmed)'
[2024-10-04 22:02:34,413] multiqc.modules.base_module                        [DEBUG  ]  fastqc/zip - Selecting './fastqc/trim/SRX298307_1_val_1_fastqc.zip' as it matched the path_filters for 'FastQC (trimmed)'
[2024-10-04 22:02:34,452] multiqc.modules.base_module                        [DEBUG  ]  fastqc/zip - Selecting './fastqc/trim/SRX298308_2_val_2_fastqc.zip' as it matched the path_filters for 'FastQC (trimmed)'
[2024-10-04 22:02:34,504] multiqc.modules.base_module                        [DEBUG  ]  fastqc/zip - Selecting './fastqc/trim/SRX298299_1_val_1_fastqc.zip' as it matched the path_filters for 'FastQC (trimmed)'
[2024-10-04 22:02:34,536] multiqc.modules.base_module                        [DEBUG  ]  fastqc/zip - Selecting './fastqc/trim/SRX298305_2_val_2_fastqc.zip' as it matched the path_filters for 'FastQC (trimmed)'
[2024-10-04 22:02:34,579] multiqc.modules.base_module                        [DEBUG  ]  fastqc/zip - Selecting './fastqc/trim/SRX298282_2_val_2_fastqc.zip' as it matched the path_filters for 'FastQC (trimmed)'
[2024-10-04 22:02:34,612] multiqc.modules.base_module                        [DEBUG  ]  fastqc/zip - Selecting './fastqc/trim/SRX298291_1_val_1_fastqc.zip' as it matched the path_filters for 'FastQC (trimmed)'
[2024-10-04 22:02:34,672] multiqc.modules.base_module                        [DEBUG  ]  fastqc/zip - Selecting './fastqc/trim/SRX298286_1_val_1_fastqc.zip' as it matched the path_filters for 'FastQC (trimmed)'
[2024-10-04 22:02:34,719] multiqc.modules.base_module                        [DEBUG  ]  fastqc/zip - Selecting './fastqc/trim/SRX298302_2_val_2_fastqc.zip' as it matched the path_filters for 'FastQC (trimmed)'
[2024-10-04 22:02:34,755] multiqc.modules.base_module                        [DEBUG  ]  fastqc/zip - Selecting './fastqc/trim/SRX298281_1_val_1_fastqc.zip' as it matched the path_filters for 'FastQC (trimmed)'
[2024-10-04 22:02:34,790] multiqc.modules.base_module                        [DEBUG  ]  fastqc/zip - Selecting './fastqc/trim/SRX298300_1_val_1_fastqc.zip' as it matched the path_filters for 'FastQC (trimmed)'
[2024-10-04 22:02:34,844] multiqc.modules.base_module                        [DEBUG  ]  fastqc/zip - Selecting './fastqc/trim/SRX298283_2_val_2_fastqc.zip' as it matched the path_filters for 'FastQC (trimmed)'
[2024-10-04 22:02:34,889] multiqc.modules.base_module                        [DEBUG  ]  fastqc/zip - Selecting './fastqc/trim/SRX298285_1_val_1_fastqc.zip' as it matched the path_filters for 'FastQC (trimmed)'
[2024-10-04 22:02:34,961] multiqc.modules.base_module                        [DEBUG  ]  fastqc/zip - Selecting './fastqc/trim/SRX298288_1_val_1_fastqc.zip' as it matched the path_filters for 'FastQC (trimmed)'
[2024-10-04 22:02:35,007] multiqc.modules.base_module                        [DEBUG  ]  fastqc/zip - Selecting './fastqc/trim/SRX298298_1_val_1_fastqc.zip' as it matched the path_filters for 'FastQC (trimmed)'
[2024-10-04 22:02:35,042] multiqc.modules.base_module                        [DEBUG  ]  fastqc/zip - Selecting './fastqc/trim/SRX298280_2_val_2_fastqc.zip' as it matched the path_filters for 'FastQC (trimmed)'
[2024-10-04 22:02:35,101] multiqc.modules.base_module                        [DEBUG  ]  fastqc/zip - Selecting './fastqc/trim/SRX298302_1_val_1_fastqc.zip' as it matched the path_filters for 'FastQC (trimmed)'
[2024-10-04 22:02:35,133] multiqc.modules.base_module                        [DEBUG  ]  fastqc/zip - Selecting './fastqc/trim/SRX298309_1_val_1_fastqc.zip' as it matched the path_filters for 'FastQC (trimmed)'
[2024-10-04 22:02:35,167] multiqc.modules.base_module                        [DEBUG  ]  fastqc/zip - Selecting './fastqc/trim/SRX298299_2_val_2_fastqc.zip' as it matched the path_filters for 'FastQC (trimmed)'
[2024-10-04 22:02:35,222] multiqc.modules.base_module                        [DEBUG  ]  fastqc/zip - Selecting './fastqc/trim/SRX298306_1_val_1_fastqc.zip' as it matched the path_filters for 'FastQC (trimmed)'
[2024-10-04 22:02:35,297] multiqc.modules.base_module                        [DEBUG  ]  fastqc/zip - Selecting './fastqc/trim/SRX298287_1_val_1_fastqc.zip' as it matched the path_filters for 'FastQC (trimmed)'
[2024-10-04 22:02:35,340] multiqc.modules.base_module                        [DEBUG  ]  fastqc/zip - Selecting './fastqc/trim/SRX298304_2_val_2_fastqc.zip' as it matched the path_filters for 'FastQC (trimmed)'
[2024-10-04 22:02:35,388] multiqc.modules.base_module                        [DEBUG  ]  fastqc/zip - Selecting './fastqc/trim/SRX298283_1_val_1_fastqc.zip' as it matched the path_filters for 'FastQC (trimmed)'
[2024-10-04 22:02:35,428] multiqc.modules.base_module                        [DEBUG  ]  fastqc/zip - Selecting './fastqc/trim/SRX298291_2_val_2_fastqc.zip' as it matched the path_filters for 'FastQC (trimmed)'
[2024-10-04 22:02:35,490] multiqc.modules.fastqc.fastqc                      [INFO   ]  Found 60 reports
[2024-10-04 22:02:44,001] multiqc.utils.software_versions                    [DEBUG  ]  Reading software versions from config.software_versions
[2024-10-04 22:02:44,003] multiqc                                            [DEBUG  ]  Reordering sections: anchor 'nf-core-rnaseq-methods-description' not found for module 'STAR_SALMON DESeq2 PCA plot'.
[2024-10-04 22:02:44,003] multiqc                                            [DEBUG  ]  Reordering sections: anchor 'software_versions' not found for module 'STAR_SALMON DESeq2 PCA plot'.
[2024-10-04 22:02:44,003] multiqc                                            [DEBUG  ]  Reordering sections: anchor 'nf-core-rnaseq-summary' not found for module 'STAR_SALMON DESeq2 PCA plot'.
[2024-10-04 22:02:44,003] multiqc                                            [DEBUG  ]  Reordering sections: anchor 'nf-core-rnaseq-methods-description' not found for module 'STAR_SALMON DESeq2 sample similarity'.
[2024-10-04 22:02:44,003] multiqc                                            [DEBUG  ]  Reordering sections: anchor 'software_versions' not found for module 'STAR_SALMON DESeq2 sample similarity'.
[2024-10-04 22:02:44,003] multiqc                                            [DEBUG  ]  Reordering sections: anchor 'nf-core-rnaseq-summary' not found for module 'STAR_SALMON DESeq2 sample similarity'.
[2024-10-04 22:02:44,003] multiqc                                            [DEBUG  ]  Reordering sections: anchor 'nf-core-rnaseq-methods-description' not found for module 'Picard'.
[2024-10-04 22:02:44,003] multiqc                                            [DEBUG  ]  Reordering sections: anchor 'software_versions' not found for module 'Picard'.
[2024-10-04 22:02:44,003] multiqc                                            [DEBUG  ]  Reordering sections: anchor 'nf-core-rnaseq-summary' not found for module 'Picard'.
[2024-10-04 22:02:44,003] multiqc                                            [DEBUG  ]  Reordering sections: anchor 'nf-core-rnaseq-methods-description' not found for module 'QualiMap'.
[2024-10-04 22:02:44,003] multiqc                                            [DEBUG  ]  Reordering sections: anchor 'software_versions' not found for module 'QualiMap'.
[2024-10-04 22:02:44,003] multiqc                                            [DEBUG  ]  Reordering sections: anchor 'nf-core-rnaseq-summary' not found for module 'QualiMap'.
[2024-10-04 22:02:44,003] multiqc                                            [DEBUG  ]  Reordering sections: anchor 'nf-core-rnaseq-methods-description' not found for module 'Samtools'.
[2024-10-04 22:02:44,003] multiqc                                            [DEBUG  ]  Reordering sections: anchor 'software_versions' not found for module 'Samtools'.
[2024-10-04 22:02:44,003] multiqc                                            [DEBUG  ]  Reordering sections: anchor 'nf-core-rnaseq-summary' not found for module 'Samtools'.
[2024-10-04 22:02:44,003] multiqc                                            [DEBUG  ]  Reordering sections: anchor 'nf-core-rnaseq-methods-description' not found for module 'STAR'.
[2024-10-04 22:02:44,003] multiqc                                            [DEBUG  ]  Reordering sections: anchor 'software_versions' not found for module 'STAR'.
[2024-10-04 22:02:44,003] multiqc                                            [DEBUG  ]  Reordering sections: anchor 'nf-core-rnaseq-summary' not found for module 'STAR'.
[2024-10-04 22:02:44,003] multiqc                                            [DEBUG  ]  Reordering sections: anchor 'nf-core-rnaseq-methods-description' not found for module 'FastQC (raw)'.
[2024-10-04 22:02:44,003] multiqc                                            [DEBUG  ]  Reordering sections: anchor 'software_versions' not found for module 'FastQC (raw)'.
[2024-10-04 22:02:44,003] multiqc                                            [DEBUG  ]  Reordering sections: anchor 'nf-core-rnaseq-summary' not found for module 'FastQC (raw)'.
[2024-10-04 22:02:44,003] multiqc                                            [DEBUG  ]  Reordering sections: anchor 'nf-core-rnaseq-methods-description' not found for module 'Cutadapt'.
[2024-10-04 22:02:44,003] multiqc                                            [DEBUG  ]  Reordering sections: anchor 'software_versions' not found for module 'Cutadapt'.
[2024-10-04 22:02:44,003] multiqc                                            [DEBUG  ]  Reordering sections: anchor 'nf-core-rnaseq-summary' not found for module 'Cutadapt'.
[2024-10-04 22:02:44,003] multiqc                                            [DEBUG  ]  Reordering sections: anchor 'nf-core-rnaseq-methods-description' not found for module 'FastQC (trimmed)'.
[2024-10-04 22:02:44,004] multiqc                                            [DEBUG  ]  Reordering sections: anchor 'software_versions' not found for module 'FastQC (trimmed)'.
[2024-10-04 22:02:44,004] multiqc                                            [DEBUG  ]  Reordering sections: anchor 'nf-core-rnaseq-summary' not found for module 'FastQC (trimmed)'.
[2024-10-04 22:02:44,004] multiqc                                            [DEBUG  ]  Reordering sections: anchor 'nf-core-rnaseq-methods-description' not found for module 'Software Versions'.
[2024-10-04 22:02:44,004] multiqc                                            [DEBUG  ]  Reordering sections: anchor 'software_versions' not found for module 'Software Versions'.
[2024-10-04 22:02:44,004] multiqc                                            [DEBUG  ]  Reordering sections: anchor 'nf-core-rnaseq-summary' not found for module 'Software Versions'.
[2024-10-04 22:02:44,004] multiqc                                            [DEBUG  ]  Reordering sections: anchor 'nf-core-rnaseq-methods-description' not found for module 'nf-core/rnaseq Methods Description'.
[2024-10-04 22:02:44,004] multiqc                                            [DEBUG  ]  Reordering sections: anchor 'software_versions' not found for module 'nf-core/rnaseq Methods Description'.
[2024-10-04 22:02:44,004] multiqc                                            [DEBUG  ]  Reordering sections: anchor 'nf-core-rnaseq-summary' not found for module 'nf-core/rnaseq Methods Description'.
[2024-10-04 22:02:44,004] multiqc                                            [DEBUG  ]  Reordering sections: anchor 'nf-core-rnaseq-methods-description' not found for module 'nf-core/rnaseq Software Versions'.
[2024-10-04 22:02:44,004] multiqc                                            [DEBUG  ]  Reordering sections: anchor 'software_versions' not found for module 'nf-core/rnaseq Software Versions'.
[2024-10-04 22:02:44,004] multiqc                                            [DEBUG  ]  Reordering sections: anchor 'nf-core-rnaseq-summary' not found for module 'nf-core/rnaseq Software Versions'.
[2024-10-04 22:02:44,004] multiqc                                            [DEBUG  ]  Reordering sections: anchor 'nf-core-rnaseq-methods-description' not found for module 'nf-core/rnaseq Workflow Summary'.
[2024-10-04 22:02:44,004] multiqc                                            [DEBUG  ]  Reordering sections: anchor 'software_versions' not found for module 'nf-core/rnaseq Workflow Summary'.
[2024-10-04 22:02:44,004] multiqc                                            [DEBUG  ]  Reordering sections: anchor 'nf-core-rnaseq-summary' not found for module 'nf-core/rnaseq Workflow Summary'.
[2024-10-04 22:02:44,134] multiqc                                            [DEBUG  ]  Compressing plot data
[2024-10-04 22:02:45,376] multiqc                                            [INFO   ]  Report      : multiqc_report.html
[2024-10-04 22:02:45,376] multiqc                                            [INFO   ]  Data        : multiqc_report_data
[2024-10-04 22:02:45,376] multiqc                                            [DEBUG  ]  Moving data file from '/tmp/tmpyd1cjpp9/multiqc_data' to '/scratch4/eande106/Mike/12/a664a65ab509c2728bd241a4b9919a/multiqc_report_data'
[2024-10-04 22:02:45,397] multiqc                                            [DEBUG  ]  Full report path: /scratch4/eande106/Mike/12/a664a65ab509c2728bd241a4b9919a/multiqc_report.html
[2024-10-04 22:02:45,397] multiqc                                            [INFO   ]  Plots       : multiqc_report_plots
[2024-10-04 22:02:45,397] multiqc                                            [DEBUG  ]  Moving plots directory from '/tmp/tmpyd1cjpp9/multiqc_plots' to '/scratch4/eande106/Mike/12/a664a65ab509c2728bd241a4b9919a/multiqc_report_plots'
[2024-10-04 22:02:45,524] multiqc                                            [INFO   ]  MultiQC complete
